<?xml version="1.0" encoding="UTF-8" standalone="no"?><testsuite errors="0" failures="1" name="tests.CountriesSearchTests" skipped="0" tests="1" time="6.22" timestamp="2021-12-15 05:06:24"><testcase classname="tests.CountriesSearchTests" name="EPGU rest1"><failure message="1 expectation failed.&#10;JSON path certId doesn't match.&#10;Expected: 1000000006066472&#10;  Actual: null&#10;" type="java.lang.AssertionError">1 expectation failed.
JSON path certId doesn't match.
Expected: 1000000006066472
  Actual: null
</failure><system-err>1 expectation failed.
JSON path certId doesn't match.
Expected: 1000000006066472
  Actual: null
&#13;
io.restassured.internal.ResponseSpecificationImpl.validateResponseIfRequired(ResponseSpecificationImpl.groovy:674)&#13;
io.restassured.internal.ResponseSpecificationImpl.body(ResponseSpecificationImpl.groovy:261)&#13;
io.restassured.internal.ResponseSpecificationImpl.body(ResponseSpecificationImpl.groovy:108)&#13;
io.restassured.internal.ValidatableResponseOptionsImpl.body(ValidatableResponseOptionsImpl.java:244)&#13;
io.restassured.internal.ValidatableResponseImpl.super$2$body(ValidatableResponseImpl.groovy)&#13;
groovy.lang.MetaMethod.doMethodInvoke(MetaMethod.java:323)&#13;
groovy.lang.MetaClassImpl.invokeMethod(MetaClassImpl.java:1268)&#13;
io.restassured.internal.ValidatableResponseImpl.body(ValidatableResponseImpl.groovy:298)&#13;
io.restassured.internal.ValidatableResponseImpl.body(ValidatableResponseImpl.groovy)&#13;
tests.CountriesSearchTests.EPGURest1(GroupktAPITest.kt:47)&#13;
</system-err></testcase></testsuite>